<?xml version="1.0" encoding="UTF-8"?>
<!-- Generated by org.testng.reporters.JUnitReportReporter -->
<testsuite hostname="Mypc" name="testNG.PrimusBankLoginEg" tests="1" failures="0" timestamp="6 Jul 2017 03:58:17 GMT" time="6.436" errors="0">
  <testcase name="login_App" time="6.436" classname="testNG.PrimusBankLoginEg"/>
</testsuite> <!-- testNG.PrimusBankLoginEg -->
