<?xml version="1.0" encoding="UTF-8"?>
<!-- Generated by org.testng.reporters.JUnitReportReporter -->
<testsuite hostname="Mypc" name="pom.LoginTest" tests="1" failures="0" timestamp="11 Jul 2017 03:28:25 GMT" time="21.533" errors="0">
  <testcase name="ltest" time="21.533" classname="pom.LoginTest"/>
</testsuite> <!-- pom.LoginTest -->
