<?xml version="1.0" encoding="UTF-8"?>
<!-- Generated by org.testng.reporters.JUnitReportReporter -->
<testsuite hostname="Mypc" name="testNG.BasicAnnotationsEg" tests="3" failures="0" timestamp="6 Jul 2017 03:48:54 GMT" time="0.048" errors="0">
  <testcase name="Apple" time="0.010" classname="testNG.BasicAnnotationsEg"/>
  <testcase name="function2" time="0.013" classname="testNG.BasicAnnotationsEg"/>
  <testcase name="function1" time="0.025" classname="testNG.BasicAnnotationsEg"/>
</testsuite> <!-- testNG.BasicAnnotationsEg -->
