<?xml version="1.0" encoding="UTF-8"?>
<!-- Generated by org.testng.reporters.JUnitReportReporter -->
<testsuite hostname="Mypc" name="testNG.Empreg" tests="1" failures="0" timestamp="7 Jul 2017 03:53:47 GMT" time="6.489" errors="0">
  <testcase name="emp_reg" time="6.489" classname="testNG.Empreg"/>
</testsuite> <!-- testNG.Empreg -->
