<?xml version="1.0" encoding="UTF-8"?>
<!-- Generated by org.testng.reporters.JUnitReportReporter -->
<testsuite hostname="Mypc" name="testNG.Userreg" tests="1" failures="0" timestamp="7 Jul 2017 03:53:47 GMT" time="9.486" errors="0">
  <testcase name="org_Userreg" time="9.486" classname="testNG.Userreg"/>
</testsuite> <!-- testNG.Userreg -->
